C51 COMPILER V9.60.7.0   BURNIN                                                            04/16/2024 15:41:20 PAGE 1   


C51 COMPILER V9.60.7.0, COMPILATION OF MODULE BURNIN
OBJECT MODULE PLACED IN .\Objects\burnin.obj
COMPILER INVOKED BY: F:\tool_start\keil_c51\C51\BIN\C51.EXE ..\App\burnin.c OPTIMIZE(8,SPEED) BROWSE INCDIR(..\App\inc;.
                    -.\Driver\inc) DEBUG OBJECTEXTEND PRINT(.\Listings\burnin.lst) TABS(2) OBJECT(.\Objects\burnin.obj)

line level    source

   1          #include "burnin.h"
   2          
   3          
   4          #define   BURNINLIFEWORKTIME    (300000/20)
   5          #define   BURNINLIFESTAYTIME    (120000/20)
   6          
   7          
   8          
   9          xBurninStatus_t sx_BurninStatus_t = {0};
  10          
  11          
  12          
  13          void BurninInit_Cb(void)
  14          {
  15   1        //上电按键检测
  16   1        if(sx_BurninStatus_t.OnTestCnt<60)
  17   1          sx_BurninStatus_t.OnTestCnt++;
  18   1      }
  19          
  20          void Burnin_init(void)
  21          {
  22   1        uint8_t ONpressTimes = 0, ONunpressTimes = 0;
  23   1        sx_BurninStatus_t.OnTestCnt = 0;
  24   1        while(sx_BurninStatus_t.OnTestCnt<60)
  25   1        {
  26   2          if(!KEY_LIGHT)
  27   2            ONpressTimes++;
  28   2          else
  29   2            ONunpressTimes++;
  30   2        }
  31   1        if(ONpressTimes>ONunpressTimes)
  32   1          sx_BurninStatus_t.b_BurninReadyFlag = true;
  33   1        sx_BurninStatus_t.OnTestCnt = 0;
  34   1      }
  35          
  36          void Burnin_Handler(void)
  37          {
  38   1        uint8_t iic_data = 0, iic_data1 = 0, ul;
  39   1        
  40   1        #if 1
  41   1        if(!sx_BurninStatus_t.b_BurninReadyFlag && ErrorType_Get()/*&(ERROR_TYPE_VOLTAGE|ERROR_TYPE_SUPPLY)*/)
  42   1          return;
  43   1        
  44   1        if(!sx_BurninStatus_t.b_BurninReadyFlag && !sx_BurninStatus_t.b_BurninFlag)
  45   1          return;
  46   1        
  47   1        /* 老化模式进入检测 */
  48   1        if(sx_BurninStatus_t.b_BurninReadyFlag && !sx_BurninStatus_t.b_BurninFlag){
  49   2          iic_data = IIC_Test();
  50   2          for(ul=0; ul<20; ul++);
  51   2          iic_data1 = IIC_Test();
  52   2          if(iic_data==iic_data1 && iic_data==0x02)
  53   2            sx_BurninStatus_t.OnTouchTimes++;
  54   2          else if(sx_BurninStatus_t.OnTouchTimes)
C51 COMPILER V9.60.7.0   BURNIN                                                            04/16/2024 15:41:20 PAGE 2   

  55   2            sx_BurninStatus_t.OnTouchTimes--;
  56   2          
  57   2          if(sx_BurninStatus_t.OnTouchTimes==80){
  58   3            sx_BurninStatus_t.b_BurninReadyFlag = false;
  59   3            sx_BurninStatus_t.b_BurninFlag = true;
  60   3            //LED_SensetypeFlag_Set(LED_SENSE_TOUCH);
  61   3            //PowerOnOff_Set(1);
  62   3            uc_Mode_Set(0);
  63   3            uc_Level_Set(6);
  64   3            uc_LevelSum_Set(30);
  65   3            set_led_event(LED_EVENT_BURNIN);
  66   3          }
  67   2        }
  68   1        
  69   1        /* 寿命计数 */
  70   1        if(sx_BurninStatus_t.b_BurninMode && sx_BurninStatus_t.b_BurninStart)
  71   1          sx_BurninStatus_t.uc_LifeTesttimeCnt++;
  72   1        else
  73   1          sx_BurninStatus_t.uc_LifeTesttimeCnt = 0;
  74   1        if(!sx_BurninStatus_t.b_LifeTestMode){    //打光时间
  75   2          if(sx_BurninStatus_t.uc_LifeTesttimeCnt > BURNINLIFEWORKTIME){
  76   3            sx_BurninStatus_t.uc_LifeTesttimeCnt = 0;
  77   3            sx_BurninStatus_t.b_LifeTestMode = 1;
  78   3          }
  79   2        }else{    //关闭时间
  80   2          if(sx_BurninStatus_t.uc_LifeTesttimeCnt > BURNINLIFESTAYTIME){
  81   3            sx_BurninStatus_t.uc_LifeTesttimeCnt = 0;
  82   3            sx_BurninStatus_t.b_LifeTestMode = 0;
  83   3          }
  84   2        }
  85   1        
  86   1        /* 启动计时 */
  87   1        if(sx_BurninStatus_t.b_BurninCntStart)
  88   1          sx_BurninStatus_t.BurninCntStartCnt++;
  89   1        else return;
  90   1        if(sx_BurninStatus_t.BurninCntStartCnt==400){ /* (8000/20) */
  91   2          sx_BurninStatus_t.b_BurninStart = true;
  92   2          sx_BurninStatus_t.b_BurninCntStart = false;
  93   2          sx_BurninStatus_t.BurninCntStartCnt = 0;
  94   2          //LED_SensetypeFlag_Set(LED_SENSE_TOUCH);
  95   2          //老化
  96   2          sx_BurninStatus_t.ul_BurninTestCnt = 0;
  97   2          //寿命
  98   2          sx_BurninStatus_t.uc_LifeTesttimeCnt = 0;
  99   2          sx_BurninStatus_t.b_LifeTestMode = 0;
 100   2          
 101   2          uc_Mode_Set(0);uc_Level_Set(6);uc_LevelSum_Set(30);
 102   2        }
 103   1        
 104   1        /* 老化模式 */
 105   1        if(sx_BurninStatus_t.b_BurninFlag){
 106   2          if(!sx_BurninStatus_t.b_BurninStart){
 107   3            if(!sx_BurninStatus_t.b_BurninMode){
 108   4              sx_BurninStatus_t.ul_BurninTestCnt = 0;
 109   4            }else{
 110   4              sx_BurninStatus_t.uc_LifeTesttimeCnt = 0;
 111   4            }
 112   3            uc_Mode_Set(0);uc_Level_Set(6);uc_LevelSum_Set(30);
 113   3          }
 114   2        }
 115   1        #endif
 116   1      }
C51 COMPILER V9.60.7.0   BURNIN                                                            04/16/2024 15:41:20 PAGE 3   

 117          
 118          
 119          
 120          
 121          
 122          


MODULE INFORMATION:   STATIC OVERLAYABLE
   CODE SIZE        =    378    ----
   CONSTANT SIZE    =   ----    ----
   XDATA SIZE       =   ----    ----
   PDATA SIZE       =   ----    ----
   DATA SIZE        =     14       2
   IDATA SIZE       =   ----    ----
   BIT SIZE         =   ----    ----
END OF MODULE INFORMATION.


C51 COMPILATION COMPLETE.  0 WARNING(S),  0 ERROR(S)
