C51 COMPILER V9.60.7.0   MAIN                                                              04/16/2024 15:41:21 PAGE 1   


C51 COMPILER V9.60.7.0, COMPILATION OF MODULE MAIN
OBJECT MODULE PLACED IN .\Objects\main.obj
COMPILER INVOKED BY: F:\tool_start\keil_c51\C51\BIN\C51.EXE ..\User\main.c OPTIMIZE(8,SPEED) BROWSE INCDIR(..\App\inc;..
                    -\Driver\inc) DEBUG OBJECTEXTEND PRINT(.\Listings\main.lst) TABS(2) OBJECT(.\Objects\main.obj)

line level    source

   1          #include "system.h"
   2          
   3          
   4          extern void Delay500ms(void);
   5          extern idata uint8_t SupplyTestFinishedFlag;
   6          int main()
   7          {
   8   1        SYSCLK_Init();
   9   1        GPIO_Init();
  10   1        System_Init();
  11   1      //  if(!BurninEntering())
  12   1      //    Delay500ms();
  13   1      //  else
  14   1      //    SupplyTestFinishedFlag = true;
  15   1      //  FAN_ON();
  16   1      //  Pwm_Open_Charge();
  17   1        //IIC_Init();
  18   1        //System_Init();
  19   1        //Pwm_Set(CHARGE_FRE,1);
  20   1      //  UART_Init();
  21   1        
  22   1        //System_Run();
  23   1        while(1)
  24   1        {
  25   2          //testadc = (uint16_t)(Get_ADC_Value(ADCChannel12V) * (ADCREFRATIO/4096.0));
  26   2      //    if(testbuf==100){
  27   2            
  28   2      //      IPL = 1;
  29   2      //      testflag = 1;
  30   2      //      TR0 = 1;
  31   2      //      while(testflag);
  32   2      //      IPL = 0;
  33   2            //SMG_Write_Byte(Rotary_Read());
  34   2      //      temp_adc = Get_ADC_Value(ADCChannel400V);
  35   2      //      i=!i;
  36   2      //      temptestduty+=10;
  37   2      //      Pwm_Set(CHARGE_FRE,temptestduty);
  38   2      //      if(temptestduty==50) temptestduty=0;
  39   2      //      
  40   2      //      //FAN_HALFSPEED();
  41   2      //      if(i) P06=0;
  42   2      //      else  P06=1;
  43   2      //      if(i==5) {testbuf=5000;i=0;}
  44   2      //      Charge_Handler();
  45   2      //      UART_WriteByte(test_chargeadc/1000+48);
  46   2      //      UART_WriteByte(test_chargeadc%1000/100+48);
  47   2      //      UART_WriteByte(test_chargeadc%100/10+48);
  48   2      //      UART_WriteByte(test_chargeadc%10+48);
  49   2      //      UART_WriteByte('\r');
  50   2      //      UART_WriteByte('\n');
  51   2      //      testbuf=0;
  52   2            
  53   2      //    }
  54   2      //    if(testbuf==5000){
C51 COMPILER V9.60.7.0   MAIN                                                              04/16/2024 15:41:21 PAGE 2   

  55   2      //      FAN_HALFSPEED();
  56   2      //      Pwm_Close_Charge();
  57   2      //    }
  58   2      //    if(testbuf==10000){
  59   2      //      FAN_OFF();
  60   2      //    }
  61   2      //    if(testbuf==15000){
  62   2      //      Pwm_Open_Charge();
  63   2      //      FAN_ON();
  64   2      //      testbuf=0;
  65   2      //    }
  66   2          System_Run();
  67   2          WDTR = 0x5A;
  68   2      //    if(KEY_LIGHT)SMG_Write_Byte(0x20);
  69   2      //    else SMG_Write_Byte(0x00);
  70   2        }
  71   1        
  72   1        return 0;
  73   1      }
*** WARNING C294 IN LINE 72 OF ..\User\main.c: unreachable code


MODULE INFORMATION:   STATIC OVERLAYABLE
   CODE SIZE        =     17    ----
   CONSTANT SIZE    =   ----    ----
   XDATA SIZE       =   ----    ----
   PDATA SIZE       =   ----    ----
   DATA SIZE        =   ----    ----
   IDATA SIZE       =   ----    ----
   BIT SIZE         =   ----    ----
END OF MODULE INFORMATION.


C51 COMPILATION COMPLETE.  1 WARNING(S),  0 ERROR(S)
