C51 COMPILER V9.60.7.0   DELAY                                                             04/16/2024 14:07:43 PAGE 1   


C51 COMPILER V9.60.7.0, COMPILATION OF MODULE DELAY
OBJECT MODULE PLACED IN .\output\delay.obj
COMPILER INVOKED BY: F:\tool_start\keil_c51\C51\BIN\C51.EXE source\delay.c OMF2 OPTIMIZE(8,SPEED) BROWSE DEBUG PRINT(.\l
                    -st\delay.lst) TABS(2) OBJECT(.\output\delay.obj)

line level    source

   1          #ifndef _Delay_C_
   2          #define _Delay_C_
   3          #include "include/ca51f1s6_config.h"  
   4          /*********************************************************************************************************
             -************/
   5          
   6          void Delay_10us(unsigned int n)    
   7          {
   8   1        unsigned char i;  
   9   1      #ifdef SYSCLK_16MHZ
  10   1        n *= 2;
  11   1      #endif
  12   1        while(n--)
  13   1        {
  14   2          for(i=0;i<6;i++);
  15   2        }
  16   1      }
  17          
  18          
  19          void Delay_50us(unsigned int n)    
  20          {
  21   1        unsigned char i;  
  22   1      #ifdef SYSCLK_16MHZ
  23   1        n *= 2;
  24   1      #endif
  25   1        while(n--)
  26   1        {
  27   2          for(i=0;i<33;i++);
  28   2        }
  29   1      }
  30          void Delay_ms(unsigned int n)
  31          {
  32   1        while(n--)
  33   1        {
  34   2          Delay_50us(20);
  35   2        }
  36   1      }
  37          /*********************************************************************************************************
             -************/
  38          #endif


MODULE INFORMATION:   STATIC OVERLAYABLE
   CODE SIZE        =     85    ----
   CONSTANT SIZE    =   ----    ----
   XDATA SIZE       =   ----    ----
   PDATA SIZE       =   ----    ----
   DATA SIZE        =   ----    ----
   IDATA SIZE       =   ----    ----
   BIT SIZE         =   ----    ----
   EDATA SIZE       =   ----    ----
   HDATA SIZE       =   ----    ----
   XDATA CONST SIZE =   ----    ----
   FAR CONST SIZE   =   ----    ----
C51 COMPILER V9.60.7.0   DELAY                                                             04/16/2024 14:07:43 PAGE 2   

END OF MODULE INFORMATION.


C51 COMPILATION COMPLETE.  0 WARNING(S),  0 ERROR(S)
