C51 COMPILER V9.60.0.0   SYSTEM                                                            05/24/2022 18:18:56 PAGE 1   


C51 COMPILER V9.60.0.0, COMPILATION OF MODULE SYSTEM
OBJECT MODULE PLACED IN .\Objects\system.obj
COMPILER INVOKED BY: D:\Keil_v5\C51\BIN\C51.EXE App\system.c WARNINGLEVEL(1) OPTIMIZE(8,SPEED) BROWSE INCDIR(.\App\inc;.
                    -\Driver\inc) DEBUG OBJECTEXTEND PRINT(.\Listings\system.lst) OBJECT(.\Objects\system.obj)

line level    source

   1          #include "system.h"
   2          
   3          //0:输入模式 1:输出模式
   4          #define         P00M            0
   5          #define         P01M            0
   6          #define         P02M            1               //T_DATA
   7          #define         P03M            1               //T_CLOCK
   8          #define         P04M            1               //OE
   9          #define         P05M            1               //SDIO
  10          #define         P06M            1               //SCKO
  11          #define         P07M            1               //LCKO
  12          #define         P10M            1               //IG_CTR
  13          #define         P11M            1               //DISCHR
  14          #define         P12M            0
  15          #define         P13M            0
  16          #define         P14M            1               //LED
  17          #define         P15M            1               //LED
  18          #define         P16M            1               //LED
  19          #define         P17M            1               //VB1
  20          #define         P20M            0               //AD_NTC
  21          #define         P21M            0
  22          #define         P22M            0               //AD_VB2
  23          #define         P23M            0               //FAN_AD
  24          #define         P24M            1               //PULESE
  25          #define         P25M            1               //FAN
  26          
  27          void System_Run(void)
  28          {
  29   1              
  30   1      }
  31          
  32          
  33          void GPIO_Init(void)
  34          {
  35   1              //输入输出模式
  36   1              P0M = P00M|(P01M<<1)|(P02M<<2)|(P03M<<3)|(P04M<<4)|(P05M<<5)|(P06M<<6)|(P07M<<7);
  37   1              P1M = P10M|(P11M<<1)|(P12M<<2)|(P13M<<3)|(P14M<<4)|(P15M<<5)|(P16M<<6)|(P17M<<7);
  38   1              P2M = P20M|(P21M<<1)|(P22M<<2)|(P23M<<3)|(P24M<<4)|(P25M<<5);
  39   1      }
  40          
  41          
  42          void SYSCLK_Init(void)
  43          {
  44   1              CLKSEL |= 0x07;         //Fcpu = Fosc/1
  45   1              CLKCMD = 0x69;
  46   1      }
  47          
  48          
  49          
  50          
  51          


MODULE INFORMATION:   STATIC OVERLAYABLE
C51 COMPILER V9.60.0.0   SYSTEM                                                            05/24/2022 18:18:56 PAGE 2   

   CODE SIZE        =     18    ----
   CONSTANT SIZE    =   ----    ----
   XDATA SIZE       =   ----    ----
   PDATA SIZE       =   ----    ----
   DATA SIZE        =   ----    ----
   IDATA SIZE       =   ----    ----
   BIT SIZE         =   ----    ----
END OF MODULE INFORMATION.


C51 COMPILATION COMPLETE.  0 WARNING(S),  0 ERROR(S)
