C51 COMPILER V9.60.0.0   TIMER                                                             05/24/2022 18:18:57 PAGE 1   


C51 COMPILER V9.60.0.0, COMPILATION OF MODULE TIMER
OBJECT MODULE PLACED IN .\Objects\timer.obj
COMPILER INVOKED BY: D:\Keil_v5\C51\BIN\C51.EXE Driver\timer.c WARNINGLEVEL(1) OPTIMIZE(8,SPEED) BROWSE INCDIR(.\App\inc
                    -;.\Driver\inc) DEBUG OBJECTEXTEND PRINT(.\Listings\timer.lst) OBJECT(.\Objects\timer.obj)

line level    source

   1          #include "timer.h"
   2          
   3          #define         T1Fre                   1000*12
   4          #define         T1GATE                  (0<<7)
   5          #define         T1CT                    (0<<6)                  //Ftimer = Fcpu / 12
   6          #define         T1M                             (0x00<<0)               //13 位向上计数定时器
   7          
   8          #define         T0Fre                   500*12
   9          #define         T0GATE                  (0<<3)
  10          #define         T0CT                    (0<<2)
  11          #define         T0M                             (0x00<<0)
  12          
  13          void T0Interrupt(void) interrupt ISRTimer0
  14          {// TF0 clear by hardware
  15   1              TR0 = 0;
  16   1      }
  17          
  18          void T1Interrupt(void) interrupt ISRTimer1
  19          {// TF1 clear by hardware
  20   1              Display_Cb();
  21   1      }
  22          
  23          
  24          void TIMER1_Configuration(void)
  25          {
  26   1              // T1_Initial
  27   1              TH1 = T1Fre/256;
  28   1              TL1 = T1Fre%256;
  29   1              // T0 mode0 with gating clock by INT0, clock source from Fosc or FRTC
  30   1              TCON = T1GATE|T1CT|T1M;
  31   1              // Timer 1 enable. Clear TF1
  32   1              TR1 = 1;
  33   1              TF1 = 0;
  34   1              // Enable T0/T1 interrupt
  35   1              ET1 = 1;
  36   1              //Enable total interrupt
  37   1              EAL = 1;
  38   1      }
  39          
  40          void TIMER0_Configuration(void)
  41          {
  42   1              // T1_Initial
  43   1              TH0 = T0Fre/256;
  44   1              TL0 = T0Fre%256;
  45   1              // T0 mode0 with gating clock by INT0, clock source from Fosc or FRTC
  46   1              TCON = T0GATE|T0CT|T0M;
  47   1              // Timer 1 enable. Clear TF1
  48   1              TR0 = 0;
  49   1              TF0 = 0;
  50   1              // Enable T0/T1 interrupt
  51   1              ET0 = 1;
  52   1              //Enable total interrupt
  53   1              EAL = 1;
  54   1      }
C51 COMPILER V9.60.0.0   TIMER                                                             05/24/2022 18:18:57 PAGE 2   

  55          
  56          


MODULE INFORMATION:   STATIC OVERLAYABLE
   CODE SIZE        =     98    ----
   CONSTANT SIZE    =   ----    ----
   XDATA SIZE       =   ----    ----
   PDATA SIZE       =   ----    ----
   DATA SIZE        =   ----    ----
   IDATA SIZE       =   ----    ----
   BIT SIZE         =   ----    ----
END OF MODULE INFORMATION.


C51 COMPILATION COMPLETE.  0 WARNING(S),  0 ERROR(S)
